2019-12-09 16:32:33.796 org.springframework.jdbc.datasource.DriverManagerDataSource - Loaded JDBC driver: oracle.jdbc.driver.OracleDriver
2019-12-09 16:32:34.639 com.bcloud.fire.Application - The following profiles are active: dev
2019-12-09 16:32:34.922 o.s.boot.context.embedded.AnnotationConfigEmbeddedWebApplicationContext - Refreshing org.springframework.boot.context.embedded.AnnotationConfigEmbeddedWebApplicationContext@6a0659ac: startup date [Mon Dec 09 16:32:34 CST 2019]; parent: org.springframework.context.annotation.AnnotationConfigApplicationContext@49d3c823
2019-12-09 16:32:36.265 org.springframework.data.repository.config.RepositoryConfigurationDelegate - Multiple Spring Data modules found, entering strict repository configuration mode!
2019-12-09 16:32:36.812 org.springframework.data.repository.config.RepositoryConfigurationDelegate - Multiple Spring Data modules found, entering strict repository configuration mode!
2019-12-09 16:32:36.843 o.springframework.data.repository.config.RepositoryConfigurationExtensionSupport - Spring Data Redis - Could not safely identify store assignment for repository candidate interface com.bcloud.fire.repository.AccountRepository.
2019-12-09 16:32:36.843 o.springframework.data.repository.config.RepositoryConfigurationExtensionSupport - Spring Data Redis - Could not safely identify store assignment for repository candidate interface com.bcloud.fire.repository.AlarmRepository.
2019-12-09 16:32:36.843 o.springframework.data.repository.config.RepositoryConfigurationExtensionSupport - Spring Data Redis - Could not safely identify store assignment for repository candidate interface com.bcloud.fire.repository.MonitorInfoRepository.
2019-12-09 16:32:36.843 o.springframework.data.repository.config.RepositoryConfigurationExtensionSupport - Spring Data Redis - Could not safely identify store assignment for repository candidate interface com.bcloud.fire.repository.SysUserRepository.
2019-12-09 16:32:36.843 o.springframework.data.repository.config.RepositoryConfigurationExtensionSupport - Spring Data Redis - Could not safely identify store assignment for repository candidate interface com.bcloud.fire.repository.DeviceRepository.
2019-12-09 16:32:36.843 o.springframework.data.repository.config.RepositoryConfigurationExtensionSupport - Spring Data Redis - Could not safely identify store assignment for repository candidate interface com.bcloud.fire.repository.BuildingRepository.
2019-12-09 16:32:36.843 o.springframework.data.repository.config.RepositoryConfigurationExtensionSupport - Spring Data Redis - Could not safely identify store assignment for repository candidate interface com.bcloud.fire.repository.SimRepository.
2019-12-09 16:32:36.843 o.springframework.data.repository.config.RepositoryConfigurationExtensionSupport - Spring Data Redis - Could not safely identify store assignment for repository candidate interface com.bcloud.fire.repository.FloorRepository.
2019-12-09 16:32:36.843 o.springframework.data.repository.config.RepositoryConfigurationExtensionSupport - Spring Data Redis - Could not safely identify store assignment for repository candidate interface com.bcloud.fire.repository.SysLogRepository.
2019-12-09 16:32:36.843 o.springframework.data.repository.config.RepositoryConfigurationExtensionSupport - Spring Data Redis - Could not safely identify store assignment for repository candidate interface com.bcloud.fire.repository.SysParamRepository.
2019-12-09 16:32:36.843 o.springframework.data.repository.config.RepositoryConfigurationExtensionSupport - Spring Data Redis - Could not safely identify store assignment for repository candidate interface com.bcloud.fire.repository.DeviceTypeRepository.
2019-12-09 16:32:36.843 o.springframework.data.repository.config.RepositoryConfigurationExtensionSupport - Spring Data Redis - Could not safely identify store assignment for repository candidate interface com.bcloud.fire.repository.ParkRepository.
2019-12-09 16:32:36.937 org.springframework.beans.factory.support.DefaultListableBeanFactory - Overriding bean definition for bean 'counterFactory' with a different definition: replacing [Root bean: class [null]; scope=; abstract=false; lazyInit=false; autowireMode=3; dependencyCheck=0; autowireCandidate=true; primary=false; factoryBeanName=org.springframework.cloud.netflix.zuul.ZuulServerAutoConfiguration$ZuulMetricsConfiguration; factoryMethodName=counterFactory; initMethodName=null; destroyMethodName=(inferred); defined in class path resource [org/springframework/cloud/netflix/zuul/ZuulServerAutoConfiguration$ZuulMetricsConfiguration.class]] with [Root bean: class [null]; scope=; abstract=false; lazyInit=false; autowireMode=3; dependencyCheck=0; autowireCandidate=true; primary=false; factoryBeanName=org.springframework.cloud.netflix.zuul.ZuulServerAutoConfiguration$ZuulCounterFactoryConfiguration; factoryMethodName=counterFactory; initMethodName=null; destroyMethodName=(inferred); defined in class path resource [org/springframework/cloud/netflix/zuul/ZuulServerAutoConfiguration$ZuulCounterFactoryConfiguration.class]]
2019-12-09 16:32:37.187 org.springframework.cloud.context.scope.GenericScope - BeanFactory id=57300484-031d-37fb-8542-e8fdfdc0f565
2019-12-09 16:32:37.218 o.springframework.beans.factory.annotation.AutowiredAnnotationBeanPostProcessor - JSR-330 'javax.inject.Inject' annotation found and supported for autowiring
2019-12-09 16:32:37.406 o.s.context.support.PostProcessorRegistrationDelegate$BeanPostProcessorChecker - Bean 'org.springframework.transaction.annotation.ProxyTransactionManagementConfiguration' of type [org.springframework.transaction.annotation.ProxyTransactionManagementConfiguration$$EnhancerBySpringCGLIB$$35d0a371] is not eligible for getting processed by all BeanPostProcessors (for example: not eligible for auto-proxying)
2019-12-09 16:32:37.640 o.s.context.support.PostProcessorRegistrationDelegate$BeanPostProcessorChecker - Bean 'org.springframework.cloud.netflix.metrics.MetricsInterceptorConfiguration$MetricsRestTemplateConfiguration' of type [org.springframework.cloud.netflix.metrics.MetricsInterceptorConfiguration$MetricsRestTemplateConfiguration$$EnhancerBySpringCGLIB$$67fd49b2] is not eligible for getting processed by all BeanPostProcessors (for example: not eligible for auto-proxying)
2019-12-09 16:32:37.656 o.s.context.support.PostProcessorRegistrationDelegate$BeanPostProcessorChecker - Bean 'org.springframework.cloud.autoconfigure.ConfigurationPropertiesRebinderAutoConfiguration' of type [org.springframework.cloud.autoconfigure.ConfigurationPropertiesRebinderAutoConfiguration$$EnhancerBySpringCGLIB$$51eaa66e] is not eligible for getting processed by all BeanPostProcessors (for example: not eligible for auto-proxying)
2019-12-09 16:32:38.234 org.springframework.boot.context.embedded.tomcat.TomcatEmbeddedServletContainer - Tomcat initialized with port(s): 8000 (http)
2019-12-09 16:32:38.280 org.apache.coyote.http11.Http11NioProtocol - Initializing ProtocolHandler ["http-nio-8000"]
2019-12-09 16:32:38.296 org.apache.catalina.core.StandardService - Starting service [Tomcat]
2019-12-09 16:32:38.296 org.apache.catalina.core.StandardEngine - Starting Servlet Engine: Apache Tomcat/8.5.37
2019-12-09 16:32:38.702 org.apache.catalina.core.ContainerBase.[Tomcat].[localhost].[/] - Initializing Spring embedded WebApplicationContext
2019-12-09 16:32:38.702 org.springframework.web.context.ContextLoader - Root WebApplicationContext: initialization completed in 3780 ms
2019-12-09 16:32:39.561 org.springframework.boot.web.servlet.ServletRegistrationBean - Mapping servlet: 'dispatcherServlet' to [/]
2019-12-09 16:32:39.577 org.springframework.boot.web.servlet.ServletRegistrationBean - Mapping servlet: 'zuulServlet' to [/zuul/*]
2019-12-09 16:32:39.577 org.springframework.boot.web.servlet.FilterRegistrationBean - Mapping filter: 'metricsFilter' to: [/*]
2019-12-09 16:32:39.577 org.springframework.boot.web.servlet.FilterRegistrationBean - Mapping filter: 'characterEncodingFilter' to: [/*]
2019-12-09 16:32:39.577 org.springframework.boot.web.servlet.FilterRegistrationBean - Mapping filter: 'hiddenHttpMethodFilter' to: [/*]
2019-12-09 16:32:39.577 org.springframework.boot.web.servlet.FilterRegistrationBean - Mapping filter: 'httpPutFormContentFilter' to: [/*]
2019-12-09 16:32:39.577 org.springframework.boot.web.servlet.FilterRegistrationBean - Mapping filter: 'requestContextFilter' to: [/*]
2019-12-09 16:32:39.577 org.springframework.boot.web.servlet.FilterRegistrationBean - Mapping filter: 'webRequestLoggingFilter' to: [/*]
2019-12-09 16:32:39.577 org.springframework.boot.web.servlet.FilterRegistrationBean - Mapping filter: 'applicationContextIdFilter' to: [/*]
2019-12-09 16:32:40.860 org.springframework.orm.jpa.LocalContainerEntityManagerFactoryBean - Building JPA container EntityManagerFactory for persistence unit 'default'
2019-12-09 16:32:40.891 org.hibernate.jpa.internal.util.LogHelper - HHH000204: Processing PersistenceUnitInfo [
	name: default
	...]
2019-12-09 16:32:41.079 org.hibernate.Version - HHH000412: Hibernate Core {5.0.12.Final}
2019-12-09 16:32:41.079 org.hibernate.cfg.Environment - HHH000206: hibernate.properties not found
2019-12-09 16:32:41.079 org.hibernate.cfg.Environment - HHH000021: Bytecode provider name : javassist
2019-12-09 16:32:41.219 org.hibernate.annotations.common.Version - HCANN000001: Hibernate Commons Annotations {5.0.1.Final}
2019-12-09 16:32:41.516 org.hibernate.dialect.Dialect - HHH000400: Using dialect: org.hibernate.dialect.Oracle10gDialect
2019-12-09 16:32:43.187 org.springframework.orm.jpa.LocalContainerEntityManagerFactoryBean - Initialized JPA EntityManagerFactory for persistence unit 'default'
2019-12-09 16:32:44.109 org.springframework.scheduling.concurrent.ThreadPoolTaskScheduler - Initializing ExecutorService 'taskScheduler'
2019-12-09 16:32:44.125 com.netflix.config.sources.URLConfigurationSource - To enable URLs as dynamic configuration sources, define System property archaius.configurationSource.additionalUrls or make config.properties available on classpath.
2019-12-09 16:32:44.156 com.netflix.config.DynamicPropertyFactory - DynamicPropertyFactory is initialized with configuration sources: com.netflix.config.ConcurrentCompositeConfiguration@1248f83
2019-12-09 16:32:44.859 com.netflix.config.sources.URLConfigurationSource - To enable URLs as dynamic configuration sources, define System property archaius.configurationSource.additionalUrls or make config.properties available on classpath.
2019-12-09 16:32:45.312 o.springframework.web.servlet.mvc.method.annotation.RequestMappingHandlerAdapter - Looking for @ControllerAdvice: org.springframework.boot.context.embedded.AnnotationConfigEmbeddedWebApplicationContext@6a0659ac: startup date [Mon Dec 09 16:32:34 CST 2019]; parent: org.springframework.context.annotation.AnnotationConfigApplicationContext@49d3c823
2019-12-09 16:32:45.406 o.springframework.web.servlet.mvc.method.annotation.RequestMappingHandlerMapping - Mapped "{[/api/account/delete],methods=[POST]}" onto public com.bcloud.fire.controller.Resp com.bcloud.fire.controller.AccountController.delete(javax.servlet.http.HttpServletRequest,java.lang.String)
2019-12-09 16:32:45.406 o.springframework.web.servlet.mvc.method.annotation.RequestMappingHandlerMapping - Mapped "{[/api/account/list],methods=[POST]}" onto public com.bcloud.fire.controller.Resp com.bcloud.fire.controller.AccountController.list(java.lang.String,java.lang.String,java.lang.Long,java.lang.String,java.lang.Integer,java.lang.Integer)
2019-12-09 16:32:45.406 o.springframework.web.servlet.mvc.method.annotation.RequestMappingHandlerMapping - Mapped "{[/api/account/save],methods=[POST]}" onto public com.bcloud.fire.controller.Resp com.bcloud.fire.controller.AccountController.save(javax.servlet.http.HttpServletRequest,javax.servlet.http.HttpSession,java.lang.Long,java.lang.String)
2019-12-09 16:32:45.406 o.springframework.web.servlet.mvc.method.annotation.RequestMappingHandlerMapping - Mapped "{[/api/alarm/delete],methods=[POST]}" onto public com.bcloud.fire.controller.Resp com.bcloud.fire.controller.AlarmController.delete(javax.servlet.http.HttpServletRequest,java.lang.String)
2019-12-09 16:32:45.406 o.springframework.web.servlet.mvc.method.annotation.RequestMappingHandlerMapping - Mapped "{[/api/alarm/list],methods=[POST]}" onto public com.bcloud.fire.controller.Resp com.bcloud.fire.controller.AlarmController.list(java.lang.String,java.lang.Integer,java.lang.Integer)
2019-12-09 16:32:45.406 o.springframework.web.servlet.mvc.method.annotation.RequestMappingHandlerMapping - Mapped "{[/api/alarm/save],methods=[POST]}" onto public com.bcloud.fire.controller.Resp com.bcloud.fire.controller.AlarmController.save(javax.servlet.http.HttpServletRequest,javax.servlet.http.HttpSession,java.lang.Long,java.lang.String)
2019-12-09 16:32:45.406 o.springframework.web.servlet.mvc.method.annotation.RequestMappingHandlerMapping - Mapped "{[/api/building/delete],methods=[POST]}" onto public com.bcloud.fire.controller.Resp com.bcloud.fire.controller.BuildingController.delete(javax.servlet.http.HttpServletRequest,java.lang.String)
2019-12-09 16:32:45.406 o.springframework.web.servlet.mvc.method.annotation.RequestMappingHandlerMapping - Mapped "{[/api/building/list],methods=[POST]}" onto public com.bcloud.fire.controller.Resp com.bcloud.fire.controller.BuildingController.list(java.lang.String,java.lang.Integer,java.lang.Integer)
2019-12-09 16:32:45.406 o.springframework.web.servlet.mvc.method.annotation.RequestMappingHandlerMapping - Mapped "{[/api/building/save],methods=[POST]}" onto public com.bcloud.fire.controller.Resp com.bcloud.fire.controller.BuildingController.save(javax.servlet.http.HttpServletRequest,javax.servlet.http.HttpSession,java.lang.Long,java.lang.String)
2019-12-09 16:32:45.406 o.springframework.web.servlet.mvc.method.annotation.RequestMappingHandlerMapping - Mapped "{[/api/device/delete],methods=[POST]}" onto public com.bcloud.fire.controller.Resp com.bcloud.fire.controller.DeviceController.delete(javax.servlet.http.HttpServletRequest,java.lang.String)
2019-12-09 16:32:45.406 o.springframework.web.servlet.mvc.method.annotation.RequestMappingHandlerMapping - Mapped "{[/api/device/list],methods=[POST]}" onto public com.bcloud.fire.controller.Resp com.bcloud.fire.controller.DeviceController.list(java.lang.String,java.lang.Integer,java.lang.Integer)
2019-12-09 16:32:45.406 o.springframework.web.servlet.mvc.method.annotation.RequestMappingHandlerMapping - Mapped "{[/api/device/save],methods=[POST]}" onto public com.bcloud.fire.controller.Resp com.bcloud.fire.controller.DeviceController.save(javax.servlet.http.HttpServletRequest,javax.servlet.http.HttpSession,java.lang.Long,java.lang.String)
2019-12-09 16:32:45.421 o.springframework.web.servlet.mvc.method.annotation.RequestMappingHandlerMapping - Mapped "{[/api/deviceType/delete],methods=[POST]}" onto public com.bcloud.fire.controller.Resp com.bcloud.fire.controller.DeviceTypeController.delete(javax.servlet.http.HttpServletRequest,java.lang.String)
2019-12-09 16:32:45.421 o.springframework.web.servlet.mvc.method.annotation.RequestMappingHandlerMapping - Mapped "{[/api/deviceType/list],methods=[POST]}" onto public com.bcloud.fire.controller.Resp com.bcloud.fire.controller.DeviceTypeController.list(java.lang.String,java.lang.Integer,java.lang.Integer)
2019-12-09 16:32:45.421 o.springframework.web.servlet.mvc.method.annotation.RequestMappingHandlerMapping - Mapped "{[/api/deviceType/save],methods=[POST]}" onto public com.bcloud.fire.controller.Resp com.bcloud.fire.controller.DeviceTypeController.save(javax.servlet.http.HttpServletRequest,javax.servlet.http.HttpSession,java.lang.Long,java.lang.String)
2019-12-09 16:32:45.421 o.springframework.web.servlet.mvc.method.annotation.RequestMappingHandlerMapping - Mapped "{[/api/floor/delete],methods=[POST]}" onto public com.bcloud.fire.controller.Resp com.bcloud.fire.controller.FloorController.delete(javax.servlet.http.HttpServletRequest,java.lang.String)
2019-12-09 16:32:45.421 o.springframework.web.servlet.mvc.method.annotation.RequestMappingHandlerMapping - Mapped "{[/api/floor/list],methods=[POST]}" onto public com.bcloud.fire.controller.Resp com.bcloud.fire.controller.FloorController.list(java.lang.String,java.lang.Integer,java.lang.Integer)
2019-12-09 16:32:45.421 o.springframework.web.servlet.mvc.method.annotation.RequestMappingHandlerMapping - Mapped "{[/api/floor/save],methods=[POST]}" onto public com.bcloud.fire.controller.Resp com.bcloud.fire.controller.FloorController.save(javax.servlet.http.HttpServletRequest,javax.servlet.http.HttpSession,java.lang.Long,java.lang.String)
2019-12-09 16:32:45.421 o.springframework.web.servlet.mvc.method.annotation.RequestMappingHandlerMapping - Mapped "{[/api/logout],methods=[GET || POST]}" onto public com.bcloud.fire.controller.Resp com.bcloud.fire.controller.LoginController.login(javax.servlet.http.HttpSession)
2019-12-09 16:32:45.421 o.springframework.web.servlet.mvc.method.annotation.RequestMappingHandlerMapping - Mapped "{[/api/account/login],methods=[POST]}" onto public com.bcloud.fire.controller.Resp com.bcloud.fire.controller.LoginController.accountLogin(javax.servlet.http.HttpSession,javax.servlet.http.HttpServletRequest,java.lang.String,java.lang.String)
2019-12-09 16:32:45.421 o.springframework.web.servlet.mvc.method.annotation.RequestMappingHandlerMapping - Mapped "{[/api/sysUser/login],methods=[POST]}" onto public com.bcloud.fire.controller.Resp com.bcloud.fire.controller.LoginController.userLogin(javax.servlet.http.HttpSession,javax.servlet.http.HttpServletRequest,java.lang.String,java.lang.String)
2019-12-09 16:32:45.421 o.springframework.web.servlet.mvc.method.annotation.RequestMappingHandlerMapping - Mapped "{[/api/monitorInfo/delete],methods=[POST]}" onto public com.bcloud.fire.controller.Resp com.bcloud.fire.controller.MonitorInfoController.delete(javax.servlet.http.HttpServletRequest,java.lang.String)
2019-12-09 16:32:45.421 o.springframework.web.servlet.mvc.method.annotation.RequestMappingHandlerMapping - Mapped "{[/api/monitorInfo/list],methods=[POST]}" onto public com.bcloud.fire.controller.Resp com.bcloud.fire.controller.MonitorInfoController.list(java.lang.String,java.lang.Integer,java.lang.Integer)
2019-12-09 16:32:45.421 o.springframework.web.servlet.mvc.method.annotation.RequestMappingHandlerMapping - Mapped "{[/api/monitorInfo/save],methods=[POST]}" onto public com.bcloud.fire.controller.Resp com.bcloud.fire.controller.MonitorInfoController.save(javax.servlet.http.HttpServletRequest,javax.servlet.http.HttpSession,java.lang.Long,java.lang.String)
2019-12-09 16:32:45.421 o.springframework.web.servlet.mvc.method.annotation.RequestMappingHandlerMapping - Mapped "{[/api/park/delete],methods=[POST]}" onto public com.bcloud.fire.controller.Resp com.bcloud.fire.controller.ParkController.delete(javax.servlet.http.HttpServletRequest,java.lang.String)
2019-12-09 16:32:45.421 o.springframework.web.servlet.mvc.method.annotation.RequestMappingHandlerMapping - Mapped "{[/api/park/list],methods=[POST]}" onto public com.bcloud.fire.controller.Resp com.bcloud.fire.controller.ParkController.list(java.lang.String,java.lang.Integer,java.lang.Integer)
2019-12-09 16:32:45.421 o.springframework.web.servlet.mvc.method.annotation.RequestMappingHandlerMapping - Mapped "{[/api/park/save],methods=[POST]}" onto public com.bcloud.fire.controller.Resp com.bcloud.fire.controller.ParkController.save(javax.servlet.http.HttpServletRequest,javax.servlet.http.HttpSession,java.lang.Long,java.lang.String)
2019-12-09 16:32:45.437 o.springframework.web.servlet.mvc.method.annotation.RequestMappingHandlerMapping - Mapped "{[/api/sim/delete],methods=[POST]}" onto public com.bcloud.fire.controller.Resp com.bcloud.fire.controller.SimController.delete(javax.servlet.http.HttpServletRequest,java.lang.String)
2019-12-09 16:32:45.437 o.springframework.web.servlet.mvc.method.annotation.RequestMappingHandlerMapping - Mapped "{[/api/sim/list],methods=[POST]}" onto public com.bcloud.fire.controller.Resp com.bcloud.fire.controller.SimController.list(java.lang.String,java.lang.Integer,java.lang.Integer)
2019-12-09 16:32:45.437 o.springframework.web.servlet.mvc.method.annotation.RequestMappingHandlerMapping - Mapped "{[/api/sim/save],methods=[POST]}" onto public com.bcloud.fire.controller.Resp com.bcloud.fire.controller.SimController.save(javax.servlet.http.HttpServletRequest,javax.servlet.http.HttpSession,java.lang.Long,java.lang.String)
2019-12-09 16:32:45.437 o.springframework.web.servlet.mvc.method.annotation.RequestMappingHandlerMapping - Mapped "{[/api/sysLog/delete],methods=[POST]}" onto public com.bcloud.fire.controller.Resp com.bcloud.fire.controller.SysLogController.delete(javax.servlet.http.HttpServletRequest,java.lang.String)
2019-12-09 16:32:45.437 o.springframework.web.servlet.mvc.method.annotation.RequestMappingHandlerMapping - Mapped "{[/api/sysLog/list],methods=[POST]}" onto public com.bcloud.fire.controller.Resp com.bcloud.fire.controller.SysLogController.list(java.lang.String,java.lang.Integer,java.lang.Integer)
2019-12-09 16:32:45.437 o.springframework.web.servlet.mvc.method.annotation.RequestMappingHandlerMapping - Mapped "{[/api/sysLog/save],methods=[POST]}" onto public com.bcloud.fire.controller.Resp com.bcloud.fire.controller.SysLogController.save(javax.servlet.http.HttpServletRequest,javax.servlet.http.HttpSession,java.lang.Long,java.lang.String)
2019-12-09 16:32:45.437 o.springframework.web.servlet.mvc.method.annotation.RequestMappingHandlerMapping - Mapped "{[/api/sysParam/delete],methods=[POST]}" onto public com.bcloud.fire.controller.Resp com.bcloud.fire.controller.SysParamController.delete(javax.servlet.http.HttpServletRequest,java.lang.String)
2019-12-09 16:32:45.437 o.springframework.web.servlet.mvc.method.annotation.RequestMappingHandlerMapping - Mapped "{[/api/sysParam/list],methods=[POST]}" onto public com.bcloud.fire.controller.Resp com.bcloud.fire.controller.SysParamController.list(java.lang.String,java.lang.Integer,java.lang.Integer)
2019-12-09 16:32:45.437 o.springframework.web.servlet.mvc.method.annotation.RequestMappingHandlerMapping - Mapped "{[/api/sysParam/save],methods=[POST]}" onto public com.bcloud.fire.controller.Resp com.bcloud.fire.controller.SysParamController.save(javax.servlet.http.HttpServletRequest,javax.servlet.http.HttpSession,java.lang.Long,java.lang.String)
2019-12-09 16:32:45.437 o.springframework.web.servlet.mvc.method.annotation.RequestMappingHandlerMapping - Mapped "{[/api/sysUser/changeStatus],methods=[POST]}" onto public com.bcloud.fire.controller.Resp com.bcloud.fire.controller.SysUserController.lock(javax.servlet.http.HttpServletRequest,java.lang.Long,java.lang.Long)
2019-12-09 16:32:45.437 o.springframework.web.servlet.mvc.method.annotation.RequestMappingHandlerMapping - Mapped "{[/api/sysUser/delete],methods=[POST]}" onto public com.bcloud.fire.controller.Resp com.bcloud.fire.controller.SysUserController.delete(javax.servlet.http.HttpServletRequest,java.lang.Long)
2019-12-09 16:32:45.437 o.springframework.web.servlet.mvc.method.annotation.RequestMappingHandlerMapping - Mapped "{[/api/sysUser/list],methods=[POST]}" onto public com.bcloud.fire.controller.Resp com.bcloud.fire.controller.SysUserController.list(java.lang.String,java.lang.Integer,java.lang.Integer)
2019-12-09 16:32:45.437 o.springframework.web.servlet.mvc.method.annotation.RequestMappingHandlerMapping - Mapped "{[/api/sysUser/save],methods=[POST]}" onto public com.bcloud.fire.controller.Resp com.bcloud.fire.controller.SysUserController.save(javax.servlet.http.HttpServletRequest,javax.servlet.http.HttpSession,java.lang.Long,java.lang.String,java.lang.String,java.lang.String,java.lang.String)
2019-12-09 16:32:45.437 o.springframework.web.servlet.mvc.method.annotation.RequestMappingHandlerMapping - Mapped "{[/api/sysUser/resetPass],methods=[POST]}" onto public com.bcloud.fire.controller.Resp com.bcloud.fire.controller.SysUserController.resetPass(javax.servlet.http.HttpServletRequest,java.lang.Long)
2019-12-09 16:32:45.437 o.springframework.web.servlet.mvc.method.annotation.RequestMappingHandlerMapping - Mapped "{[/api/sysUser/changePass],methods=[POST]}" onto public com.bcloud.fire.controller.Resp com.bcloud.fire.controller.SysUserController.changePass(javax.servlet.http.HttpServletRequest,javax.servlet.http.HttpSession,java.lang.String)
2019-12-09 16:32:45.437 o.springframework.web.servlet.mvc.method.annotation.RequestMappingHandlerMapping - Mapped "{[/error]}" onto public org.springframework.http.ResponseEntity<java.util.Map<java.lang.String, java.lang.Object>> org.springframework.boot.autoconfigure.web.BasicErrorController.error(javax.servlet.http.HttpServletRequest)
2019-12-09 16:32:45.437 o.springframework.web.servlet.mvc.method.annotation.RequestMappingHandlerMapping - Mapped "{[/error],produces=[text/html]}" onto public org.springframework.web.servlet.ModelAndView org.springframework.boot.autoconfigure.web.BasicErrorController.errorHtml(javax.servlet.http.HttpServletRequest,javax.servlet.http.HttpServletResponse)
2019-12-09 16:32:45.468 org.springframework.web.servlet.handler.SimpleUrlHandlerMapping - Mapped URL path [/webjars/**] onto handler of type [class org.springframework.web.servlet.resource.ResourceHttpRequestHandler]
2019-12-09 16:32:45.468 org.springframework.web.servlet.handler.SimpleUrlHandlerMapping - Mapped URL path [/**] onto handler of type [class org.springframework.web.servlet.resource.ResourceHttpRequestHandler]
2019-12-09 16:32:45.515 o.s.web.servlet.mvc.method.annotation.ExceptionHandlerExceptionResolver - Detected @ExceptionHandler methods in globalExceptionHandler
2019-12-09 16:32:45.546 org.springframework.web.servlet.handler.SimpleUrlHandlerMapping - Mapped URL path [/**/favicon.ico] onto handler of type [class org.springframework.web.servlet.resource.ResourceHttpRequestHandler]
2019-12-09 16:32:46.218 org.springframework.boot.actuate.endpoint.mvc.EndpointHandlerMapping - Mapped "{[/metrics/{name:.*}],methods=[GET],produces=[application/vnd.spring-boot.actuator.v1+json || application/json]}" onto public java.lang.Object org.springframework.boot.actuate.endpoint.mvc.MetricsMvcEndpoint.value(java.lang.String)
2019-12-09 16:32:46.218 org.springframework.boot.actuate.endpoint.mvc.EndpointHandlerMapping - Mapped "{[/metrics || /metrics.json],methods=[GET],produces=[application/vnd.spring-boot.actuator.v1+json || application/json]}" onto public java.lang.Object org.springframework.boot.actuate.endpoint.mvc.EndpointMvcAdapter.invoke()
2019-12-09 16:32:46.218 org.springframework.boot.actuate.endpoint.mvc.EndpointHandlerMapping - Mapped "{[/refresh || /refresh.json],methods=[POST]}" onto public java.lang.Object org.springframework.cloud.endpoint.GenericPostableMvcEndpoint.invoke()
2019-12-09 16:32:46.218 org.springframework.boot.actuate.endpoint.mvc.EndpointHandlerMapping - Mapped "{[/health || /health.json],methods=[GET],produces=[application/vnd.spring-boot.actuator.v1+json || application/json]}" onto public java.lang.Object org.springframework.boot.actuate.endpoint.mvc.HealthMvcEndpoint.invoke(javax.servlet.http.HttpServletRequest,java.security.Principal)
2019-12-09 16:32:46.218 org.springframework.boot.actuate.endpoint.mvc.EndpointHandlerMapping - Mapped "{[/env],methods=[POST]}" onto public java.lang.Object org.springframework.cloud.context.environment.EnvironmentManagerMvcEndpoint.value(java.util.Map<java.lang.String, java.lang.String>)
2019-12-09 16:32:46.218 org.springframework.boot.actuate.endpoint.mvc.EndpointHandlerMapping - Mapped "{[/env/reset],methods=[POST]}" onto public java.util.Map<java.lang.String, java.lang.Object> org.springframework.cloud.context.environment.EnvironmentManagerMvcEndpoint.reset()
2019-12-09 16:32:46.218 org.springframework.boot.actuate.endpoint.mvc.EndpointHandlerMapping - Mapped "{[/dump || /dump.json],methods=[GET],produces=[application/vnd.spring-boot.actuator.v1+json || application/json]}" onto public java.lang.Object org.springframework.boot.actuate.endpoint.mvc.EndpointMvcAdapter.invoke()
2019-12-09 16:32:46.218 org.springframework.boot.actuate.endpoint.mvc.EndpointHandlerMapping - Mapped "{[/auditevents || /auditevents.json],methods=[GET],produces=[application/vnd.spring-boot.actuator.v1+json || application/json]}" onto public org.springframework.http.ResponseEntity<?> org.springframework.boot.actuate.endpoint.mvc.AuditEventsMvcEndpoint.findByPrincipalAndAfterAndType(java.lang.String,java.util.Date,java.lang.String)
2019-12-09 16:32:46.218 org.springframework.boot.actuate.endpoint.mvc.EndpointHandlerMapping - Mapped "{[/restart || /restart.json],methods=[POST]}" onto public java.lang.Object org.springframework.cloud.context.restart.RestartMvcEndpoint.invoke()
2019-12-09 16:32:46.218 org.springframework.boot.actuate.endpoint.mvc.EndpointHandlerMapping - Mapped "{[/autoconfig || /autoconfig.json],methods=[GET],produces=[application/vnd.spring-boot.actuator.v1+json || application/json]}" onto public java.lang.Object org.springframework.boot.actuate.endpoint.mvc.EndpointMvcAdapter.invoke()
2019-12-09 16:32:46.234 org.springframework.boot.actuate.endpoint.mvc.EndpointHandlerMapping - Mapped "{[/env/{name:.*}],methods=[GET],produces=[application/vnd.spring-boot.actuator.v1+json || application/json]}" onto public java.lang.Object org.springframework.boot.actuate.endpoint.mvc.EnvironmentMvcEndpoint.value(java.lang.String)
2019-12-09 16:32:46.234 org.springframework.boot.actuate.endpoint.mvc.EndpointHandlerMapping - Mapped "{[/env || /env.json],methods=[GET],produces=[application/vnd.spring-boot.actuator.v1+json || application/json]}" onto public java.lang.Object org.springframework.boot.actuate.endpoint.mvc.EndpointMvcAdapter.invoke()
2019-12-09 16:32:46.234 org.springframework.boot.actuate.endpoint.mvc.EndpointHandlerMapping - Mapped "{[/resume || /resume.json],methods=[POST]}" onto public java.lang.Object org.springframework.cloud.endpoint.GenericPostableMvcEndpoint.invoke()
2019-12-09 16:32:46.234 org.springframework.boot.actuate.endpoint.mvc.EndpointHandlerMapping - Mapped "{[/hystrix.stream/**]}" onto public org.springframework.web.servlet.ModelAndView org.springframework.cloud.netflix.endpoint.ServletWrappingEndpoint.handle(javax.servlet.http.HttpServletRequest,javax.servlet.http.HttpServletResponse) throws java.lang.Exception
2019-12-09 16:32:46.234 org.springframework.boot.actuate.endpoint.mvc.EndpointHandlerMapping - Mapped "{[/routes || /routes.json],methods=[POST]}" onto public java.lang.Object org.springframework.cloud.netflix.zuul.RoutesMvcEndpoint.reset()
2019-12-09 16:32:46.234 org.springframework.boot.actuate.endpoint.mvc.EndpointHandlerMapping - Mapped "{[/routes || /routes.json],methods=[GET],produces=[application/vnd.spring-boot.actuator.v1+json || application/json]}" onto public java.lang.Object org.springframework.boot.actuate.endpoint.mvc.EndpointMvcAdapter.invoke()
2019-12-09 16:32:46.234 org.springframework.boot.actuate.endpoint.mvc.EndpointHandlerMapping - Mapped "{[/mappings || /mappings.json],methods=[GET],produces=[application/vnd.spring-boot.actuator.v1+json || application/json]}" onto public java.lang.Object org.springframework.boot.actuate.endpoint.mvc.EndpointMvcAdapter.invoke()
2019-12-09 16:32:46.234 org.springframework.boot.actuate.endpoint.mvc.EndpointHandlerMapping - Mapped "{[/beans || /beans.json],methods=[GET],produces=[application/vnd.spring-boot.actuator.v1+json || application/json]}" onto public java.lang.Object org.springframework.boot.actuate.endpoint.mvc.EndpointMvcAdapter.invoke()
2019-12-09 16:32:46.234 org.springframework.boot.actuate.endpoint.mvc.EndpointHandlerMapping - Mapped "{[/configprops || /configprops.json],methods=[GET],produces=[application/vnd.spring-boot.actuator.v1+json || application/json]}" onto public java.lang.Object org.springframework.boot.actuate.endpoint.mvc.EndpointMvcAdapter.invoke()
2019-12-09 16:32:46.234 org.springframework.boot.actuate.endpoint.mvc.EndpointHandlerMapping - Mapped "{[/loggers/{name:.*}],methods=[GET],produces=[application/vnd.spring-boot.actuator.v1+json || application/json]}" onto public java.lang.Object org.springframework.boot.actuate.endpoint.mvc.LoggersMvcEndpoint.get(java.lang.String)
2019-12-09 16:32:46.234 org.springframework.boot.actuate.endpoint.mvc.EndpointHandlerMapping - Mapped "{[/loggers/{name:.*}],methods=[POST],consumes=[application/vnd.spring-boot.actuator.v1+json || application/json],produces=[application/vnd.spring-boot.actuator.v1+json || application/json]}" onto public java.lang.Object org.springframework.boot.actuate.endpoint.mvc.LoggersMvcEndpoint.set(java.lang.String,java.util.Map<java.lang.String, java.lang.String>)
2019-12-09 16:32:46.234 org.springframework.boot.actuate.endpoint.mvc.EndpointHandlerMapping - Mapped "{[/loggers || /loggers.json],methods=[GET],produces=[application/vnd.spring-boot.actuator.v1+json || application/json]}" onto public java.lang.Object org.springframework.boot.actuate.endpoint.mvc.EndpointMvcAdapter.invoke()
2019-12-09 16:32:46.234 org.springframework.boot.actuate.endpoint.mvc.EndpointHandlerMapping - Mapped "{[/heapdump || /heapdump.json],methods=[GET],produces=[application/octet-stream]}" onto public void org.springframework.boot.actuate.endpoint.mvc.HeapdumpMvcEndpoint.invoke(boolean,javax.servlet.http.HttpServletRequest,javax.servlet.http.HttpServletResponse) throws java.io.IOException,javax.servlet.ServletException
2019-12-09 16:32:46.234 org.springframework.boot.actuate.endpoint.mvc.EndpointHandlerMapping - Mapped "{[/archaius || /archaius.json],methods=[GET],produces=[application/vnd.spring-boot.actuator.v1+json || application/json]}" onto public java.lang.Object org.springframework.boot.actuate.endpoint.mvc.EndpointMvcAdapter.invoke()
2019-12-09 16:32:46.234 org.springframework.boot.actuate.endpoint.mvc.EndpointHandlerMapping - Mapped "{[/pause || /pause.json],methods=[POST]}" onto public java.lang.Object org.springframework.cloud.endpoint.GenericPostableMvcEndpoint.invoke()
2019-12-09 16:32:46.234 org.springframework.boot.actuate.endpoint.mvc.EndpointHandlerMapping - Mapped "{[/trace || /trace.json],methods=[GET],produces=[application/vnd.spring-boot.actuator.v1+json || application/json]}" onto public java.lang.Object org.springframework.boot.actuate.endpoint.mvc.EndpointMvcAdapter.invoke()
2019-12-09 16:32:46.234 org.springframework.boot.actuate.endpoint.mvc.EndpointHandlerMapping - Mapped "{[/info || /info.json],methods=[GET],produces=[application/vnd.spring-boot.actuator.v1+json || application/json]}" onto public java.lang.Object org.springframework.boot.actuate.endpoint.mvc.EndpointMvcAdapter.invoke()
2019-12-09 16:32:46.234 org.springframework.boot.actuate.endpoint.mvc.EndpointHandlerMapping - Mapped "{[/features || /features.json],methods=[GET],produces=[application/vnd.spring-boot.actuator.v1+json || application/json]}" onto public java.lang.Object org.springframework.boot.actuate.endpoint.mvc.EndpointMvcAdapter.invoke()
2019-12-09 16:32:48.592 org.springframework.cloud.netflix.zuul.ZuulFilterInitializer - Starting filter initializer
2019-12-09 16:32:49.280 org.springframework.context.support.DefaultLifecycleProcessor - Starting beans in phase 2147483647
2019-12-09 16:32:49.327 o.s.c.n.h.HystrixCircuitBreakerConfiguration$HystrixMetricsPollerConfiguration - Starting poller
2019-12-09 16:32:49.342 org.apache.coyote.http11.Http11NioProtocol - Starting ProtocolHandler ["http-nio-8000"]
2019-12-09 16:32:49.342 org.apache.tomcat.util.net.NioSelectorPool - Using a shared selector for servlet write/read
2019-12-09 16:32:49.452 org.springframework.boot.context.embedded.tomcat.TomcatEmbeddedServletContainer - Tomcat started on port(s): 8000 (http)
2019-12-09 16:32:49.452 com.bcloud.fire.Application - Started Application in 23.702 seconds (JVM running for 33.032)
2019-12-09 16:33:03.607 org.apache.catalina.core.ContainerBase.[Tomcat].[localhost].[/] - Initializing Spring FrameworkServlet 'dispatcherServlet'
2019-12-09 16:33:03.607 org.springframework.web.servlet.DispatcherServlet - FrameworkServlet 'dispatcherServlet': initialization started
2019-12-09 16:33:03.631 org.springframework.web.servlet.DispatcherServlet - FrameworkServlet 'dispatcherServlet': initialization completed in 24 ms
2019-12-09 16:40:17.156 org.hibernate.hql.internal.QueryTranslatorFactoryInitiator - HHH000397: Using ASTQueryTranslatorFactory
