2019-12-10 20:06:16.537 org.springframework.jdbc.datasource.DriverManagerDataSource - Loaded JDBC driver: oracle.jdbc.driver.OracleDriver
2019-12-10 20:06:16.770 com.bcloud.fire.Application - The following profiles are active: dev
2019-12-10 20:06:16.801 o.s.boot.context.embedded.AnnotationConfigEmbeddedWebApplicationContext - Refreshing org.springframework.boot.context.embedded.AnnotationConfigEmbeddedWebApplicationContext@345cf395: startup date [Tue Dec 10 20:06:16 CST 2019]; parent: org.springframework.context.annotation.AnnotationConfigApplicationContext@63dd899
2019-12-10 20:06:17.397 org.springframework.data.repository.config.RepositoryConfigurationDelegate - Multiple Spring Data modules found, entering strict repository configuration mode!
2019-12-10 20:06:17.755 org.springframework.data.repository.config.RepositoryConfigurationDelegate - Multiple Spring Data modules found, entering strict repository configuration mode!
2019-12-10 20:06:17.792 o.springframework.data.repository.config.RepositoryConfigurationExtensionSupport - Spring Data Redis - Could not safely identify store assignment for repository candidate interface com.bcloud.fire.repository.AccountRepository.
2019-12-10 20:06:17.792 o.springframework.data.repository.config.RepositoryConfigurationExtensionSupport - Spring Data Redis - Could not safely identify store assignment for repository candidate interface com.bcloud.fire.repository.AlarmRepository.
2019-12-10 20:06:17.793 o.springframework.data.repository.config.RepositoryConfigurationExtensionSupport - Spring Data Redis - Could not safely identify store assignment for repository candidate interface com.bcloud.fire.repository.MonitorInfoRepository.
2019-12-10 20:06:17.793 o.springframework.data.repository.config.RepositoryConfigurationExtensionSupport - Spring Data Redis - Could not safely identify store assignment for repository candidate interface com.bcloud.fire.repository.SysUserRepository.
2019-12-10 20:06:17.794 o.springframework.data.repository.config.RepositoryConfigurationExtensionSupport - Spring Data Redis - Could not safely identify store assignment for repository candidate interface com.bcloud.fire.repository.DeviceRepository.
2019-12-10 20:06:17.794 o.springframework.data.repository.config.RepositoryConfigurationExtensionSupport - Spring Data Redis - Could not safely identify store assignment for repository candidate interface com.bcloud.fire.repository.BuildingRepository.
2019-12-10 20:06:17.795 o.springframework.data.repository.config.RepositoryConfigurationExtensionSupport - Spring Data Redis - Could not safely identify store assignment for repository candidate interface com.bcloud.fire.repository.SimRepository.
2019-12-10 20:06:17.795 o.springframework.data.repository.config.RepositoryConfigurationExtensionSupport - Spring Data Redis - Could not safely identify store assignment for repository candidate interface com.bcloud.fire.repository.FloorRepository.
2019-12-10 20:06:17.796 o.springframework.data.repository.config.RepositoryConfigurationExtensionSupport - Spring Data Redis - Could not safely identify store assignment for repository candidate interface com.bcloud.fire.repository.SysLogRepository.
2019-12-10 20:06:17.796 o.springframework.data.repository.config.RepositoryConfigurationExtensionSupport - Spring Data Redis - Could not safely identify store assignment for repository candidate interface com.bcloud.fire.repository.SysParamRepository.
2019-12-10 20:06:17.796 o.springframework.data.repository.config.RepositoryConfigurationExtensionSupport - Spring Data Redis - Could not safely identify store assignment for repository candidate interface com.bcloud.fire.repository.DeviceTypeRepository.
2019-12-10 20:06:17.797 o.springframework.data.repository.config.RepositoryConfigurationExtensionSupport - Spring Data Redis - Could not safely identify store assignment for repository candidate interface com.bcloud.fire.repository.ParkRepository.
2019-12-10 20:06:17.866 org.springframework.beans.factory.support.DefaultListableBeanFactory - Overriding bean definition for bean 'counterFactory' with a different definition: replacing [Root bean: class [null]; scope=; abstract=false; lazyInit=false; autowireMode=3; dependencyCheck=0; autowireCandidate=true; primary=false; factoryBeanName=org.springframework.cloud.netflix.zuul.ZuulServerAutoConfiguration$ZuulMetricsConfiguration; factoryMethodName=counterFactory; initMethodName=null; destroyMethodName=(inferred); defined in class path resource [org/springframework/cloud/netflix/zuul/ZuulServerAutoConfiguration$ZuulMetricsConfiguration.class]] with [Root bean: class [null]; scope=; abstract=false; lazyInit=false; autowireMode=3; dependencyCheck=0; autowireCandidate=true; primary=false; factoryBeanName=org.springframework.cloud.netflix.zuul.ZuulServerAutoConfiguration$ZuulCounterFactoryConfiguration; factoryMethodName=counterFactory; initMethodName=null; destroyMethodName=(inferred); defined in class path resource [org/springframework/cloud/netflix/zuul/ZuulServerAutoConfiguration$ZuulCounterFactoryConfiguration.class]]
2019-12-10 20:06:18.061 org.springframework.cloud.context.scope.GenericScope - BeanFactory id=57300484-031d-37fb-8542-e8fdfdc0f565
2019-12-10 20:06:18.091 o.springframework.beans.factory.annotation.AutowiredAnnotationBeanPostProcessor - JSR-330 'javax.inject.Inject' annotation found and supported for autowiring
2019-12-10 20:06:18.296 o.s.context.support.PostProcessorRegistrationDelegate$BeanPostProcessorChecker - Bean 'org.springframework.transaction.annotation.ProxyTransactionManagementConfiguration' of type [org.springframework.transaction.annotation.ProxyTransactionManagementConfiguration$$EnhancerBySpringCGLIB$$20a4b686] is not eligible for getting processed by all BeanPostProcessors (for example: not eligible for auto-proxying)
2019-12-10 20:06:18.490 o.s.context.support.PostProcessorRegistrationDelegate$BeanPostProcessorChecker - Bean 'org.springframework.cloud.netflix.metrics.MetricsInterceptorConfiguration$MetricsRestTemplateConfiguration' of type [org.springframework.cloud.netflix.metrics.MetricsInterceptorConfiguration$MetricsRestTemplateConfiguration$$EnhancerBySpringCGLIB$$52d15cc7] is not eligible for getting processed by all BeanPostProcessors (for example: not eligible for auto-proxying)
2019-12-10 20:06:18.515 o.s.context.support.PostProcessorRegistrationDelegate$BeanPostProcessorChecker - Bean 'org.springframework.cloud.autoconfigure.ConfigurationPropertiesRebinderAutoConfiguration' of type [org.springframework.cloud.autoconfigure.ConfigurationPropertiesRebinderAutoConfiguration$$EnhancerBySpringCGLIB$$3cbeb983] is not eligible for getting processed by all BeanPostProcessors (for example: not eligible for auto-proxying)
2019-12-10 20:06:18.917 org.springframework.boot.context.embedded.tomcat.TomcatEmbeddedServletContainer - Tomcat initialized with port(s): 8000 (http)
2019-12-10 20:06:18.933 org.apache.coyote.http11.Http11NioProtocol - Initializing ProtocolHandler ["http-nio-8000"]
2019-12-10 20:06:18.951 org.apache.catalina.core.StandardService - Starting service [Tomcat]
2019-12-10 20:06:18.951 org.apache.catalina.core.StandardEngine - Starting Servlet Engine: Apache Tomcat/8.5.37
2019-12-10 20:06:19.269 org.apache.catalina.core.ContainerBase.[Tomcat].[localhost].[/] - Initializing Spring embedded WebApplicationContext
2019-12-10 20:06:19.270 org.springframework.web.context.ContextLoader - Root WebApplicationContext: initialization completed in 2469 ms
2019-12-10 20:06:20.290 org.springframework.boot.web.servlet.ServletRegistrationBean - Mapping servlet: 'dispatcherServlet' to [/]
2019-12-10 20:06:20.292 org.springframework.boot.web.servlet.ServletRegistrationBean - Mapping servlet: 'zuulServlet' to [/zuul/*]
2019-12-10 20:06:20.299 org.springframework.boot.web.servlet.FilterRegistrationBean - Mapping filter: 'metricsFilter' to: [/*]
2019-12-10 20:06:20.301 org.springframework.boot.web.servlet.FilterRegistrationBean - Mapping filter: 'characterEncodingFilter' to: [/*]
2019-12-10 20:06:20.302 org.springframework.boot.web.servlet.FilterRegistrationBean - Mapping filter: 'hiddenHttpMethodFilter' to: [/*]
2019-12-10 20:06:20.302 org.springframework.boot.web.servlet.FilterRegistrationBean - Mapping filter: 'httpPutFormContentFilter' to: [/*]
2019-12-10 20:06:20.303 org.springframework.boot.web.servlet.FilterRegistrationBean - Mapping filter: 'requestContextFilter' to: [/*]
2019-12-10 20:06:20.304 org.springframework.boot.web.servlet.FilterRegistrationBean - Mapping filter: 'webRequestLoggingFilter' to: [/*]
2019-12-10 20:06:20.304 org.springframework.boot.web.servlet.FilterRegistrationBean - Mapping filter: 'applicationContextIdFilter' to: [/*]
2019-12-10 20:06:20.934 org.springframework.orm.jpa.LocalContainerEntityManagerFactoryBean - Building JPA container EntityManagerFactory for persistence unit 'default'
2019-12-10 20:06:20.953 org.hibernate.jpa.internal.util.LogHelper - HHH000204: Processing PersistenceUnitInfo [
	name: default
	...]
2019-12-10 20:06:21.049 org.hibernate.Version - HHH000412: Hibernate Core {5.0.12.Final}
2019-12-10 20:06:21.052 org.hibernate.cfg.Environment - HHH000206: hibernate.properties not found
2019-12-10 20:06:21.053 org.hibernate.cfg.Environment - HHH000021: Bytecode provider name : javassist
2019-12-10 20:06:21.102 org.hibernate.annotations.common.Version - HCANN000001: Hibernate Commons Annotations {5.0.1.Final}
2019-12-10 20:06:21.245 org.hibernate.dialect.Dialect - HHH000400: Using dialect: org.hibernate.dialect.Oracle10gDialect
2019-12-10 20:06:21.871 org.springframework.orm.jpa.LocalContainerEntityManagerFactoryBean - Initialized JPA EntityManagerFactory for persistence unit 'default'
2019-12-10 20:06:22.735 org.springframework.scheduling.concurrent.ThreadPoolTaskScheduler - Initializing ExecutorService 'taskScheduler'
2019-12-10 20:06:22.749 com.netflix.config.sources.URLConfigurationSource - To enable URLs as dynamic configuration sources, define System property archaius.configurationSource.additionalUrls or make config.properties available on classpath.
2019-12-10 20:06:22.755 com.netflix.config.DynamicPropertyFactory - DynamicPropertyFactory is initialized with configuration sources: com.netflix.config.ConcurrentCompositeConfiguration@67aaf882
2019-12-10 20:06:23.264 com.netflix.config.sources.URLConfigurationSource - To enable URLs as dynamic configuration sources, define System property archaius.configurationSource.additionalUrls or make config.properties available on classpath.
2019-12-10 20:06:23.661 o.springframework.web.servlet.mvc.method.annotation.RequestMappingHandlerAdapter - Looking for @ControllerAdvice: org.springframework.boot.context.embedded.AnnotationConfigEmbeddedWebApplicationContext@345cf395: startup date [Tue Dec 10 20:06:16 CST 2019]; parent: org.springframework.context.annotation.AnnotationConfigApplicationContext@63dd899
2019-12-10 20:06:23.777 o.springframework.web.servlet.mvc.method.annotation.RequestMappingHandlerMapping - Mapped "{[/api/account/delete],methods=[POST]}" onto public com.bcloud.fire.controller.Resp com.bcloud.fire.controller.AccountController.delete(javax.servlet.http.HttpServletRequest,java.lang.String)
2019-12-10 20:06:23.778 o.springframework.web.servlet.mvc.method.annotation.RequestMappingHandlerMapping - Mapped "{[/api/account/list],methods=[POST]}" onto public com.bcloud.fire.controller.Resp com.bcloud.fire.controller.AccountController.list(java.lang.String,java.lang.String,java.lang.Long,java.lang.String,java.lang.Integer,java.lang.Integer)
2019-12-10 20:06:23.778 o.springframework.web.servlet.mvc.method.annotation.RequestMappingHandlerMapping - Mapped "{[/api/account/save],methods=[POST]}" onto public com.bcloud.fire.controller.Resp com.bcloud.fire.controller.AccountController.save(javax.servlet.http.HttpServletRequest,javax.servlet.http.HttpSession,java.lang.Long,java.lang.String)
2019-12-10 20:06:23.780 o.springframework.web.servlet.mvc.method.annotation.RequestMappingHandlerMapping - Mapped "{[/api/alarm/delete],methods=[POST]}" onto public com.bcloud.fire.controller.Resp com.bcloud.fire.controller.AlarmController.delete(javax.servlet.http.HttpServletRequest,java.lang.String)
2019-12-10 20:06:23.781 o.springframework.web.servlet.mvc.method.annotation.RequestMappingHandlerMapping - Mapped "{[/api/alarm/list],methods=[POST]}" onto public com.bcloud.fire.controller.Resp com.bcloud.fire.controller.AlarmController.list(java.lang.String,java.lang.Integer,java.lang.Integer)
2019-12-10 20:06:23.781 o.springframework.web.servlet.mvc.method.annotation.RequestMappingHandlerMapping - Mapped "{[/api/alarm/save],methods=[POST]}" onto public com.bcloud.fire.controller.Resp com.bcloud.fire.controller.AlarmController.save(javax.servlet.http.HttpServletRequest,javax.servlet.http.HttpSession,java.lang.Long,java.lang.String)
2019-12-10 20:06:23.783 o.springframework.web.servlet.mvc.method.annotation.RequestMappingHandlerMapping - Mapped "{[/api/building/delete],methods=[POST]}" onto public com.bcloud.fire.controller.Resp com.bcloud.fire.controller.BuildingController.delete(javax.servlet.http.HttpServletRequest,java.lang.String)
2019-12-10 20:06:23.783 o.springframework.web.servlet.mvc.method.annotation.RequestMappingHandlerMapping - Mapped "{[/api/building/list],methods=[POST]}" onto public com.bcloud.fire.controller.Resp com.bcloud.fire.controller.BuildingController.list(java.lang.String,java.lang.Integer,java.lang.Integer)
2019-12-10 20:06:23.784 o.springframework.web.servlet.mvc.method.annotation.RequestMappingHandlerMapping - Mapped "{[/api/building/save],methods=[POST]}" onto public com.bcloud.fire.controller.Resp com.bcloud.fire.controller.BuildingController.save(javax.servlet.http.HttpServletRequest,javax.servlet.http.HttpSession,java.lang.Long,java.lang.String)
2019-12-10 20:06:23.785 o.springframework.web.servlet.mvc.method.annotation.RequestMappingHandlerMapping - Mapped "{[/api/device/delete],methods=[POST]}" onto public com.bcloud.fire.controller.Resp com.bcloud.fire.controller.DeviceController.delete(javax.servlet.http.HttpServletRequest,java.lang.String)
2019-12-10 20:06:23.786 o.springframework.web.servlet.mvc.method.annotation.RequestMappingHandlerMapping - Mapped "{[/api/device/list],methods=[POST]}" onto public com.bcloud.fire.controller.Resp com.bcloud.fire.controller.DeviceController.list(java.lang.String,java.lang.Integer,java.lang.Integer)
2019-12-10 20:06:23.787 o.springframework.web.servlet.mvc.method.annotation.RequestMappingHandlerMapping - Mapped "{[/api/device/save],methods=[POST]}" onto public com.bcloud.fire.controller.Resp com.bcloud.fire.controller.DeviceController.save(javax.servlet.http.HttpServletRequest,javax.servlet.http.HttpSession,java.lang.Long,java.lang.String)
2019-12-10 20:06:23.788 o.springframework.web.servlet.mvc.method.annotation.RequestMappingHandlerMapping - Mapped "{[/api/deviceType/delete],methods=[POST]}" onto public com.bcloud.fire.controller.Resp com.bcloud.fire.controller.DeviceTypeController.delete(javax.servlet.http.HttpServletRequest,java.lang.String)
2019-12-10 20:06:23.788 o.springframework.web.servlet.mvc.method.annotation.RequestMappingHandlerMapping - Mapped "{[/api/deviceType/list],methods=[POST]}" onto public com.bcloud.fire.controller.Resp com.bcloud.fire.controller.DeviceTypeController.list(java.lang.String,java.lang.Integer,java.lang.Integer)
2019-12-10 20:06:23.789 o.springframework.web.servlet.mvc.method.annotation.RequestMappingHandlerMapping - Mapped "{[/api/deviceType/save],methods=[POST]}" onto public com.bcloud.fire.controller.Resp com.bcloud.fire.controller.DeviceTypeController.save(javax.servlet.http.HttpServletRequest,javax.servlet.http.HttpSession,java.lang.Long,java.lang.String)
2019-12-10 20:06:23.792 o.springframework.web.servlet.mvc.method.annotation.RequestMappingHandlerMapping - Mapped "{[/api/floor/delete],methods=[POST]}" onto public com.bcloud.fire.controller.Resp com.bcloud.fire.controller.FloorController.delete(javax.servlet.http.HttpServletRequest,java.lang.String)
2019-12-10 20:06:23.793 o.springframework.web.servlet.mvc.method.annotation.RequestMappingHandlerMapping - Mapped "{[/api/floor/list],methods=[POST]}" onto public com.bcloud.fire.controller.Resp com.bcloud.fire.controller.FloorController.list(java.lang.String,java.lang.Integer,java.lang.Integer)
2019-12-10 20:06:23.793 o.springframework.web.servlet.mvc.method.annotation.RequestMappingHandlerMapping - Mapped "{[/api/floor/save],methods=[POST]}" onto public com.bcloud.fire.controller.Resp com.bcloud.fire.controller.FloorController.save(javax.servlet.http.HttpServletRequest,javax.servlet.http.HttpSession,java.lang.Long,java.lang.String)
2019-12-10 20:06:23.794 o.springframework.web.servlet.mvc.method.annotation.RequestMappingHandlerMapping - Mapped "{[/api/logout],methods=[GET || POST]}" onto public com.bcloud.fire.controller.Resp com.bcloud.fire.controller.LoginController.login(javax.servlet.http.HttpSession)
2019-12-10 20:06:23.795 o.springframework.web.servlet.mvc.method.annotation.RequestMappingHandlerMapping - Mapped "{[/api/account/login],methods=[POST]}" onto public com.bcloud.fire.controller.Resp com.bcloud.fire.controller.LoginController.accountLogin(javax.servlet.http.HttpSession,javax.servlet.http.HttpServletRequest,java.lang.String,java.lang.String)
2019-12-10 20:06:23.795 o.springframework.web.servlet.mvc.method.annotation.RequestMappingHandlerMapping - Mapped "{[/api/sysUser/login],methods=[POST]}" onto public com.bcloud.fire.controller.Resp com.bcloud.fire.controller.LoginController.userLogin(javax.servlet.http.HttpSession,javax.servlet.http.HttpServletRequest,java.lang.String,java.lang.String)
2019-12-10 20:06:23.796 o.springframework.web.servlet.mvc.method.annotation.RequestMappingHandlerMapping - Mapped "{[/api/monitorInfo/delete],methods=[POST]}" onto public com.bcloud.fire.controller.Resp com.bcloud.fire.controller.MonitorInfoController.delete(javax.servlet.http.HttpServletRequest,java.lang.String)
2019-12-10 20:06:23.797 o.springframework.web.servlet.mvc.method.annotation.RequestMappingHandlerMapping - Mapped "{[/api/monitorInfo/list],methods=[POST]}" onto public com.bcloud.fire.controller.Resp com.bcloud.fire.controller.MonitorInfoController.list(java.lang.String,java.lang.Integer,java.lang.Integer)
2019-12-10 20:06:23.797 o.springframework.web.servlet.mvc.method.annotation.RequestMappingHandlerMapping - Mapped "{[/api/monitorInfo/save],methods=[POST]}" onto public com.bcloud.fire.controller.Resp com.bcloud.fire.controller.MonitorInfoController.save(javax.servlet.http.HttpServletRequest,javax.servlet.http.HttpSession,java.lang.Long,java.lang.String)
2019-12-10 20:06:23.798 o.springframework.web.servlet.mvc.method.annotation.RequestMappingHandlerMapping - Mapped "{[/api/park/delete],methods=[POST]}" onto public com.bcloud.fire.controller.Resp com.bcloud.fire.controller.ParkController.delete(javax.servlet.http.HttpServletRequest,java.lang.String)
2019-12-10 20:06:23.799 o.springframework.web.servlet.mvc.method.annotation.RequestMappingHandlerMapping - Mapped "{[/api/park/list],methods=[POST]}" onto public com.bcloud.fire.controller.Resp com.bcloud.fire.controller.ParkController.list(java.lang.String,java.lang.String,java.lang.String,java.lang.String,java.lang.String,java.lang.Integer,java.lang.Integer)
2019-12-10 20:06:23.800 o.springframework.web.servlet.mvc.method.annotation.RequestMappingHandlerMapping - Mapped "{[/api/park/save],methods=[POST]}" onto public com.bcloud.fire.controller.Resp com.bcloud.fire.controller.ParkController.save(javax.servlet.http.HttpServletRequest,javax.servlet.http.HttpSession,java.lang.Long,java.lang.String)
2019-12-10 20:06:23.801 o.springframework.web.servlet.mvc.method.annotation.RequestMappingHandlerMapping - Mapped "{[/api/sim/delete],methods=[POST]}" onto public com.bcloud.fire.controller.Resp com.bcloud.fire.controller.SimController.delete(javax.servlet.http.HttpServletRequest,java.lang.String)
2019-12-10 20:06:23.801 o.springframework.web.servlet.mvc.method.annotation.RequestMappingHandlerMapping - Mapped "{[/api/sim/list],methods=[POST]}" onto public com.bcloud.fire.controller.Resp com.bcloud.fire.controller.SimController.list(java.lang.Long,java.lang.Long,java.lang.String,java.lang.Integer,java.lang.Integer)
2019-12-10 20:06:23.802 o.springframework.web.servlet.mvc.method.annotation.RequestMappingHandlerMapping - Mapped "{[/api/sim/save],methods=[POST]}" onto public com.bcloud.fire.controller.Resp com.bcloud.fire.controller.SimController.save(javax.servlet.http.HttpServletRequest,javax.servlet.http.HttpSession,java.lang.Long,java.lang.String,java.lang.Long,java.lang.Long)
2019-12-10 20:06:23.803 o.springframework.web.servlet.mvc.method.annotation.RequestMappingHandlerMapping - Mapped "{[/api/sysLog/delete],methods=[POST]}" onto public com.bcloud.fire.controller.Resp com.bcloud.fire.controller.SysLogController.delete(javax.servlet.http.HttpServletRequest,java.lang.String)
2019-12-10 20:06:23.803 o.springframework.web.servlet.mvc.method.annotation.RequestMappingHandlerMapping - Mapped "{[/api/sysLog/list],methods=[POST]}" onto public com.bcloud.fire.controller.Resp com.bcloud.fire.controller.SysLogController.list(java.lang.String,java.lang.Integer,java.lang.Integer)
2019-12-10 20:06:23.804 o.springframework.web.servlet.mvc.method.annotation.RequestMappingHandlerMapping - Mapped "{[/api/sysLog/save],methods=[POST]}" onto public com.bcloud.fire.controller.Resp com.bcloud.fire.controller.SysLogController.save(javax.servlet.http.HttpServletRequest,javax.servlet.http.HttpSession,java.lang.Long,java.lang.String)
2019-12-10 20:06:23.804 o.springframework.web.servlet.mvc.method.annotation.RequestMappingHandlerMapping - Mapped "{[/api/sysParam/delete],methods=[POST]}" onto public com.bcloud.fire.controller.Resp com.bcloud.fire.controller.SysParamController.delete(javax.servlet.http.HttpServletRequest,java.lang.String)
2019-12-10 20:06:23.805 o.springframework.web.servlet.mvc.method.annotation.RequestMappingHandlerMapping - Mapped "{[/api/sysParam/list],methods=[POST]}" onto public com.bcloud.fire.controller.Resp com.bcloud.fire.controller.SysParamController.list(java.lang.String,java.lang.Integer,java.lang.Integer)
2019-12-10 20:06:23.806 o.springframework.web.servlet.mvc.method.annotation.RequestMappingHandlerMapping - Mapped "{[/api/sysParam/save],methods=[POST]}" onto public com.bcloud.fire.controller.Resp com.bcloud.fire.controller.SysParamController.save(javax.servlet.http.HttpServletRequest,javax.servlet.http.HttpSession,java.lang.Long,java.lang.String)
2019-12-10 20:06:23.807 o.springframework.web.servlet.mvc.method.annotation.RequestMappingHandlerMapping - Mapped "{[/api/sysUser/changeStatus],methods=[POST]}" onto public com.bcloud.fire.controller.Resp com.bcloud.fire.controller.SysUserController.lock(javax.servlet.http.HttpServletRequest,java.lang.Long,java.lang.Long)
2019-12-10 20:06:23.807 o.springframework.web.servlet.mvc.method.annotation.RequestMappingHandlerMapping - Mapped "{[/api/sysUser/delete],methods=[POST]}" onto public com.bcloud.fire.controller.Resp com.bcloud.fire.controller.SysUserController.delete(javax.servlet.http.HttpServletRequest,java.lang.Long)
2019-12-10 20:06:23.808 o.springframework.web.servlet.mvc.method.annotation.RequestMappingHandlerMapping - Mapped "{[/api/sysUser/list],methods=[POST]}" onto public com.bcloud.fire.controller.Resp com.bcloud.fire.controller.SysUserController.list(java.lang.String,java.lang.Integer,java.lang.Integer)
2019-12-10 20:06:23.808 o.springframework.web.servlet.mvc.method.annotation.RequestMappingHandlerMapping - Mapped "{[/api/sysUser/save],methods=[POST]}" onto public com.bcloud.fire.controller.Resp com.bcloud.fire.controller.SysUserController.save(javax.servlet.http.HttpServletRequest,javax.servlet.http.HttpSession,java.lang.Long,java.lang.String,java.lang.String,java.lang.String,java.lang.String)
2019-12-10 20:06:23.808 o.springframework.web.servlet.mvc.method.annotation.RequestMappingHandlerMapping - Mapped "{[/api/sysUser/resetPass],methods=[POST]}" onto public com.bcloud.fire.controller.Resp com.bcloud.fire.controller.SysUserController.resetPass(javax.servlet.http.HttpServletRequest,java.lang.Long)
2019-12-10 20:06:23.809 o.springframework.web.servlet.mvc.method.annotation.RequestMappingHandlerMapping - Mapped "{[/api/sysUser/changePass],methods=[POST]}" onto public com.bcloud.fire.controller.Resp com.bcloud.fire.controller.SysUserController.changePass(javax.servlet.http.HttpServletRequest,javax.servlet.http.HttpSession,java.lang.String)
2019-12-10 20:06:23.812 o.springframework.web.servlet.mvc.method.annotation.RequestMappingHandlerMapping - Mapped "{[/error]}" onto public org.springframework.http.ResponseEntity<java.util.Map<java.lang.String, java.lang.Object>> org.springframework.boot.autoconfigure.web.BasicErrorController.error(javax.servlet.http.HttpServletRequest)
2019-12-10 20:06:23.812 o.springframework.web.servlet.mvc.method.annotation.RequestMappingHandlerMapping - Mapped "{[/error],produces=[text/html]}" onto public org.springframework.web.servlet.ModelAndView org.springframework.boot.autoconfigure.web.BasicErrorController.errorHtml(javax.servlet.http.HttpServletRequest,javax.servlet.http.HttpServletResponse)
2019-12-10 20:06:23.869 org.springframework.web.servlet.handler.SimpleUrlHandlerMapping - Mapped URL path [/webjars/**] onto handler of type [class org.springframework.web.servlet.resource.ResourceHttpRequestHandler]
2019-12-10 20:06:23.869 org.springframework.web.servlet.handler.SimpleUrlHandlerMapping - Mapped URL path [/**] onto handler of type [class org.springframework.web.servlet.resource.ResourceHttpRequestHandler]
2019-12-10 20:06:23.910 o.s.web.servlet.mvc.method.annotation.ExceptionHandlerExceptionResolver - Detected @ExceptionHandler methods in globalExceptionHandler
2019-12-10 20:06:23.954 org.springframework.web.servlet.handler.SimpleUrlHandlerMapping - Mapped URL path [/**/favicon.ico] onto handler of type [class org.springframework.web.servlet.resource.ResourceHttpRequestHandler]
2019-12-10 20:06:24.745 org.springframework.boot.actuate.endpoint.mvc.EndpointHandlerMapping - Mapped "{[/beans || /beans.json],methods=[GET],produces=[application/vnd.spring-boot.actuator.v1+json || application/json]}" onto public java.lang.Object org.springframework.boot.actuate.endpoint.mvc.EndpointMvcAdapter.invoke()
2019-12-10 20:06:24.776 org.springframework.boot.actuate.endpoint.mvc.EndpointHandlerMapping - Mapped "{[/trace || /trace.json],methods=[GET],produces=[application/vnd.spring-boot.actuator.v1+json || application/json]}" onto public java.lang.Object org.springframework.boot.actuate.endpoint.mvc.EndpointMvcAdapter.invoke()
2019-12-10 20:06:24.777 org.springframework.boot.actuate.endpoint.mvc.EndpointHandlerMapping - Mapped "{[/dump || /dump.json],methods=[GET],produces=[application/vnd.spring-boot.actuator.v1+json || application/json]}" onto public java.lang.Object org.springframework.boot.actuate.endpoint.mvc.EndpointMvcAdapter.invoke()
2019-12-10 20:06:24.778 org.springframework.boot.actuate.endpoint.mvc.EndpointHandlerMapping - Mapped "{[/routes || /routes.json],methods=[POST]}" onto public java.lang.Object org.springframework.cloud.netflix.zuul.RoutesMvcEndpoint.reset()
2019-12-10 20:06:24.779 org.springframework.boot.actuate.endpoint.mvc.EndpointHandlerMapping - Mapped "{[/routes || /routes.json],methods=[GET],produces=[application/vnd.spring-boot.actuator.v1+json || application/json]}" onto public java.lang.Object org.springframework.boot.actuate.endpoint.mvc.EndpointMvcAdapter.invoke()
2019-12-10 20:06:24.779 org.springframework.boot.actuate.endpoint.mvc.EndpointHandlerMapping - Mapped "{[/archaius || /archaius.json],methods=[GET],produces=[application/vnd.spring-boot.actuator.v1+json || application/json]}" onto public java.lang.Object org.springframework.boot.actuate.endpoint.mvc.EndpointMvcAdapter.invoke()
2019-12-10 20:06:24.779 org.springframework.boot.actuate.endpoint.mvc.EndpointHandlerMapping - Mapped "{[/features || /features.json],methods=[GET],produces=[application/vnd.spring-boot.actuator.v1+json || application/json]}" onto public java.lang.Object org.springframework.boot.actuate.endpoint.mvc.EndpointMvcAdapter.invoke()
2019-12-10 20:06:24.780 org.springframework.boot.actuate.endpoint.mvc.EndpointHandlerMapping - Mapped "{[/pause || /pause.json],methods=[POST]}" onto public java.lang.Object org.springframework.cloud.endpoint.GenericPostableMvcEndpoint.invoke()
2019-12-10 20:06:24.781 org.springframework.boot.actuate.endpoint.mvc.EndpointHandlerMapping - Mapped "{[/metrics/{name:.*}],methods=[GET],produces=[application/vnd.spring-boot.actuator.v1+json || application/json]}" onto public java.lang.Object org.springframework.boot.actuate.endpoint.mvc.MetricsMvcEndpoint.value(java.lang.String)
2019-12-10 20:06:24.781 org.springframework.boot.actuate.endpoint.mvc.EndpointHandlerMapping - Mapped "{[/metrics || /metrics.json],methods=[GET],produces=[application/vnd.spring-boot.actuator.v1+json || application/json]}" onto public java.lang.Object org.springframework.boot.actuate.endpoint.mvc.EndpointMvcAdapter.invoke()
2019-12-10 20:06:24.781 org.springframework.boot.actuate.endpoint.mvc.EndpointHandlerMapping - Mapped "{[/env],methods=[POST]}" onto public java.lang.Object org.springframework.cloud.context.environment.EnvironmentManagerMvcEndpoint.value(java.util.Map<java.lang.String, java.lang.String>)
2019-12-10 20:06:24.782 org.springframework.boot.actuate.endpoint.mvc.EndpointHandlerMapping - Mapped "{[/env/reset],methods=[POST]}" onto public java.util.Map<java.lang.String, java.lang.Object> org.springframework.cloud.context.environment.EnvironmentManagerMvcEndpoint.reset()
2019-12-10 20:06:24.782 org.springframework.boot.actuate.endpoint.mvc.EndpointHandlerMapping - Mapped "{[/refresh || /refresh.json],methods=[POST]}" onto public java.lang.Object org.springframework.cloud.endpoint.GenericPostableMvcEndpoint.invoke()
2019-12-10 20:06:24.783 org.springframework.boot.actuate.endpoint.mvc.EndpointHandlerMapping - Mapped "{[/restart || /restart.json],methods=[POST]}" onto public java.lang.Object org.springframework.cloud.context.restart.RestartMvcEndpoint.invoke()
2019-12-10 20:06:24.790 org.springframework.boot.actuate.endpoint.mvc.EndpointHandlerMapping - Mapped "{[/mappings || /mappings.json],methods=[GET],produces=[application/vnd.spring-boot.actuator.v1+json || application/json]}" onto public java.lang.Object org.springframework.boot.actuate.endpoint.mvc.EndpointMvcAdapter.invoke()
2019-12-10 20:06:24.791 org.springframework.boot.actuate.endpoint.mvc.EndpointHandlerMapping - Mapped "{[/health || /health.json],methods=[GET],produces=[application/vnd.spring-boot.actuator.v1+json || application/json]}" onto public java.lang.Object org.springframework.boot.actuate.endpoint.mvc.HealthMvcEndpoint.invoke(javax.servlet.http.HttpServletRequest,java.security.Principal)
2019-12-10 20:06:24.791 org.springframework.boot.actuate.endpoint.mvc.EndpointHandlerMapping - Mapped "{[/configprops || /configprops.json],methods=[GET],produces=[application/vnd.spring-boot.actuator.v1+json || application/json]}" onto public java.lang.Object org.springframework.boot.actuate.endpoint.mvc.EndpointMvcAdapter.invoke()
2019-12-10 20:06:24.792 org.springframework.boot.actuate.endpoint.mvc.EndpointHandlerMapping - Mapped "{[/env/{name:.*}],methods=[GET],produces=[application/vnd.spring-boot.actuator.v1+json || application/json]}" onto public java.lang.Object org.springframework.boot.actuate.endpoint.mvc.EnvironmentMvcEndpoint.value(java.lang.String)
2019-12-10 20:06:24.793 org.springframework.boot.actuate.endpoint.mvc.EndpointHandlerMapping - Mapped "{[/env || /env.json],methods=[GET],produces=[application/vnd.spring-boot.actuator.v1+json || application/json]}" onto public java.lang.Object org.springframework.boot.actuate.endpoint.mvc.EndpointMvcAdapter.invoke()
2019-12-10 20:06:24.794 org.springframework.boot.actuate.endpoint.mvc.EndpointHandlerMapping - Mapped "{[/auditevents || /auditevents.json],methods=[GET],produces=[application/vnd.spring-boot.actuator.v1+json || application/json]}" onto public org.springframework.http.ResponseEntity<?> org.springframework.boot.actuate.endpoint.mvc.AuditEventsMvcEndpoint.findByPrincipalAndAfterAndType(java.lang.String,java.util.Date,java.lang.String)
2019-12-10 20:06:24.794 org.springframework.boot.actuate.endpoint.mvc.EndpointHandlerMapping - Mapped "{[/hystrix.stream/**]}" onto public org.springframework.web.servlet.ModelAndView org.springframework.cloud.netflix.endpoint.ServletWrappingEndpoint.handle(javax.servlet.http.HttpServletRequest,javax.servlet.http.HttpServletResponse) throws java.lang.Exception
2019-12-10 20:06:24.795 org.springframework.boot.actuate.endpoint.mvc.EndpointHandlerMapping - Mapped "{[/resume || /resume.json],methods=[POST]}" onto public java.lang.Object org.springframework.cloud.endpoint.GenericPostableMvcEndpoint.invoke()
2019-12-10 20:06:24.795 org.springframework.boot.actuate.endpoint.mvc.EndpointHandlerMapping - Mapped "{[/info || /info.json],methods=[GET],produces=[application/vnd.spring-boot.actuator.v1+json || application/json]}" onto public java.lang.Object org.springframework.boot.actuate.endpoint.mvc.EndpointMvcAdapter.invoke()
2019-12-10 20:06:24.797 org.springframework.boot.actuate.endpoint.mvc.EndpointHandlerMapping - Mapped "{[/loggers/{name:.*}],methods=[GET],produces=[application/vnd.spring-boot.actuator.v1+json || application/json]}" onto public java.lang.Object org.springframework.boot.actuate.endpoint.mvc.LoggersMvcEndpoint.get(java.lang.String)
2019-12-10 20:06:24.797 org.springframework.boot.actuate.endpoint.mvc.EndpointHandlerMapping - Mapped "{[/loggers/{name:.*}],methods=[POST],consumes=[application/vnd.spring-boot.actuator.v1+json || application/json],produces=[application/vnd.spring-boot.actuator.v1+json || application/json]}" onto public java.lang.Object org.springframework.boot.actuate.endpoint.mvc.LoggersMvcEndpoint.set(java.lang.String,java.util.Map<java.lang.String, java.lang.String>)
2019-12-10 20:06:24.798 org.springframework.boot.actuate.endpoint.mvc.EndpointHandlerMapping - Mapped "{[/loggers || /loggers.json],methods=[GET],produces=[application/vnd.spring-boot.actuator.v1+json || application/json]}" onto public java.lang.Object org.springframework.boot.actuate.endpoint.mvc.EndpointMvcAdapter.invoke()
2019-12-10 20:06:24.798 org.springframework.boot.actuate.endpoint.mvc.EndpointHandlerMapping - Mapped "{[/autoconfig || /autoconfig.json],methods=[GET],produces=[application/vnd.spring-boot.actuator.v1+json || application/json]}" onto public java.lang.Object org.springframework.boot.actuate.endpoint.mvc.EndpointMvcAdapter.invoke()
2019-12-10 20:06:24.800 org.springframework.boot.actuate.endpoint.mvc.EndpointHandlerMapping - Mapped "{[/heapdump || /heapdump.json],methods=[GET],produces=[application/octet-stream]}" onto public void org.springframework.boot.actuate.endpoint.mvc.HeapdumpMvcEndpoint.invoke(boolean,javax.servlet.http.HttpServletRequest,javax.servlet.http.HttpServletResponse) throws java.io.IOException,javax.servlet.ServletException
2019-12-10 20:06:25.837 org.springframework.cloud.netflix.zuul.ZuulFilterInitializer - Starting filter initializer
2019-12-10 20:06:26.440 org.springframework.context.support.DefaultLifecycleProcessor - Starting beans in phase 2147483647
2019-12-10 20:06:26.444 o.s.c.n.h.HystrixCircuitBreakerConfiguration$HystrixMetricsPollerConfiguration - Starting poller
2019-12-10 20:06:26.462 org.apache.coyote.http11.Http11NioProtocol - Starting ProtocolHandler ["http-nio-8000"]
2019-12-10 20:06:26.478 org.apache.tomcat.util.net.NioSelectorPool - Using a shared selector for servlet write/read
2019-12-10 20:06:26.496 org.springframework.boot.context.embedded.tomcat.TomcatEmbeddedServletContainer - Tomcat started on port(s): 8000 (http)
2019-12-10 20:06:26.503 com.bcloud.fire.Application - Started Application in 12.065 seconds (JVM running for 13.799)
2019-12-10 20:07:19.651 org.apache.catalina.core.ContainerBase.[Tomcat].[localhost].[/] - Initializing Spring FrameworkServlet 'dispatcherServlet'
2019-12-10 20:07:19.651 org.springframework.web.servlet.DispatcherServlet - FrameworkServlet 'dispatcherServlet': initialization started
2019-12-10 20:07:19.699 org.springframework.web.servlet.DispatcherServlet - FrameworkServlet 'dispatcherServlet': initialization completed in 48 ms
2019-12-10 20:07:25.423 org.hibernate.hql.internal.QueryTranslatorFactoryInitiator - HHH000397: Using ASTQueryTranslatorFactory
